0 info it worked if it ends with ok
1 verbose cli [ '/usr/bin/nodejs', '/usr/bin/npm', 'install' ]
2 info using npm@1.3.10
3 info using node@v0.10.25
4 warn package.json testappionic@1.0.0 No repository field.
5 warn package.json testappionic@1.0.0 No README data
6 verbose readDependencies using package.json deps
7 verbose install where, deps [ '/home/morgan/NetBeansProjects/CordovaApplication',
7 verbose install   [ 'gulp',
7 verbose install     'gulp-sass',
7 verbose install     'gulp-concat',
7 verbose install     'gulp-minify-css',
7 verbose install     'gulp-rename',
7 verbose install     'bower',
7 verbose install     'gulp-util',
7 verbose install     'shelljs' ] ]
8 info preinstall testappionic@1.0.0
9 verbose readDependencies using package.json deps
10 verbose cache add [ 'gulp-concat@^2.2.0', null ]
11 verbose cache add name=undefined spec="gulp-concat@^2.2.0" args=["gulp-concat@^2.2.0",null]
12 verbose parsed url { protocol: null,
12 verbose parsed url   slashes: null,
12 verbose parsed url   auth: null,
12 verbose parsed url   host: null,
12 verbose parsed url   port: null,
12 verbose parsed url   hostname: null,
12 verbose parsed url   hash: null,
12 verbose parsed url   search: null,
12 verbose parsed url   query: null,
12 verbose parsed url   pathname: 'gulp-concat@^2.2.0',
12 verbose parsed url   path: 'gulp-concat@^2.2.0',
12 verbose parsed url   href: 'gulp-concat@^2.2.0' }
13 verbose cache add name="gulp-concat" spec="^2.2.0" args=["gulp-concat","^2.2.0"]
14 verbose parsed url { protocol: null,
14 verbose parsed url   slashes: null,
14 verbose parsed url   auth: null,
14 verbose parsed url   host: null,
14 verbose parsed url   port: null,
14 verbose parsed url   hostname: null,
14 verbose parsed url   hash: null,
14 verbose parsed url   search: null,
14 verbose parsed url   query: null,
14 verbose parsed url   pathname: '^2.2.0',
14 verbose parsed url   path: '^2.2.0',
14 verbose parsed url   href: '^2.2.0' }
15 verbose addNamed [ 'gulp-concat', '^2.2.0' ]
16 verbose addNamed [ null, '>=2.2.0-0 <3.0.0-0' ]
17 verbose cache add [ 'gulp-rename@^1.2.0', null ]
18 verbose cache add name=undefined spec="gulp-rename@^1.2.0" args=["gulp-rename@^1.2.0",null]
19 verbose parsed url { protocol: null,
19 verbose parsed url   slashes: null,
19 verbose parsed url   auth: null,
19 verbose parsed url   host: null,
19 verbose parsed url   port: null,
19 verbose parsed url   hostname: null,
19 verbose parsed url   hash: null,
19 verbose parsed url   search: null,
19 verbose parsed url   query: null,
19 verbose parsed url   pathname: 'gulp-rename@^1.2.0',
19 verbose parsed url   path: 'gulp-rename@^1.2.0',
19 verbose parsed url   href: 'gulp-rename@^1.2.0' }
20 verbose cache add name="gulp-rename" spec="^1.2.0" args=["gulp-rename","^1.2.0"]
21 verbose parsed url { protocol: null,
21 verbose parsed url   slashes: null,
21 verbose parsed url   auth: null,
21 verbose parsed url   host: null,
21 verbose parsed url   port: null,
21 verbose parsed url   hostname: null,
21 verbose parsed url   hash: null,
21 verbose parsed url   search: null,
21 verbose parsed url   query: null,
21 verbose parsed url   pathname: '^1.2.0',
21 verbose parsed url   path: '^1.2.0',
21 verbose parsed url   href: '^1.2.0' }
22 verbose addNamed [ 'gulp-rename', '^1.2.0' ]
23 verbose addNamed [ null, '>=1.2.0-0 <2.0.0-0' ]
24 verbose cache add [ 'gulp-minify-css@^0.3.0', null ]
25 verbose cache add name=undefined spec="gulp-minify-css@^0.3.0" args=["gulp-minify-css@^0.3.0",null]
26 verbose parsed url { protocol: null,
26 verbose parsed url   slashes: null,
26 verbose parsed url   auth: null,
26 verbose parsed url   host: null,
26 verbose parsed url   port: null,
26 verbose parsed url   hostname: null,
26 verbose parsed url   hash: null,
26 verbose parsed url   search: null,
26 verbose parsed url   query: null,
26 verbose parsed url   pathname: 'gulp-minify-css@^0.3.0',
26 verbose parsed url   path: 'gulp-minify-css@^0.3.0',
26 verbose parsed url   href: 'gulp-minify-css@^0.3.0' }
27 verbose cache add name="gulp-minify-css" spec="^0.3.0" args=["gulp-minify-css","^0.3.0"]
28 verbose parsed url { protocol: null,
28 verbose parsed url   slashes: null,
28 verbose parsed url   auth: null,
28 verbose parsed url   host: null,
28 verbose parsed url   port: null,
28 verbose parsed url   hostname: null,
28 verbose parsed url   hash: null,
28 verbose parsed url   search: null,
28 verbose parsed url   query: null,
28 verbose parsed url   pathname: '^0.3.0',
28 verbose parsed url   path: '^0.3.0',
28 verbose parsed url   href: '^0.3.0' }
29 verbose addNamed [ 'gulp-minify-css', '^0.3.0' ]
30 verbose addNamed [ null, '>=0.3.0-0 <0.4.0-0' ]
31 verbose cache add [ 'bower@^1.3.3', null ]
32 verbose cache add name=undefined spec="bower@^1.3.3" args=["bower@^1.3.3",null]
33 verbose parsed url { protocol: null,
33 verbose parsed url   slashes: null,
33 verbose parsed url   auth: null,
33 verbose parsed url   host: null,
33 verbose parsed url   port: null,
33 verbose parsed url   hostname: null,
33 verbose parsed url   hash: null,
33 verbose parsed url   search: null,
33 verbose parsed url   query: null,
33 verbose parsed url   pathname: 'bower@^1.3.3',
33 verbose parsed url   path: 'bower@^1.3.3',
33 verbose parsed url   href: 'bower@^1.3.3' }
34 verbose cache add name="bower" spec="^1.3.3" args=["bower","^1.3.3"]
35 verbose parsed url { protocol: null,
35 verbose parsed url   slashes: null,
35 verbose parsed url   auth: null,
35 verbose parsed url   host: null,
35 verbose parsed url   port: null,
35 verbose parsed url   hostname: null,
35 verbose parsed url   hash: null,
35 verbose parsed url   search: null,
35 verbose parsed url   query: null,
35 verbose parsed url   pathname: '^1.3.3',
35 verbose parsed url   path: '^1.3.3',
35 verbose parsed url   href: '^1.3.3' }
36 verbose addNamed [ 'bower', '^1.3.3' ]
37 verbose addNamed [ null, '>=1.3.3-0 <2.0.0-0' ]
38 verbose cache add [ 'gulp-util@^2.2.14', null ]
39 verbose cache add name=undefined spec="gulp-util@^2.2.14" args=["gulp-util@^2.2.14",null]
40 verbose parsed url { protocol: null,
40 verbose parsed url   slashes: null,
40 verbose parsed url   auth: null,
40 verbose parsed url   host: null,
40 verbose parsed url   port: null,
40 verbose parsed url   hostname: null,
40 verbose parsed url   hash: null,
40 verbose parsed url   search: null,
40 verbose parsed url   query: null,
40 verbose parsed url   pathname: 'gulp-util@^2.2.14',
40 verbose parsed url   path: 'gulp-util@^2.2.14',
40 verbose parsed url   href: 'gulp-util@^2.2.14' }
41 verbose cache add name="gulp-util" spec="^2.2.14" args=["gulp-util","^2.2.14"]
42 verbose parsed url { protocol: null,
42 verbose parsed url   slashes: null,
42 verbose parsed url   auth: null,
42 verbose parsed url   host: null,
42 verbose parsed url   port: null,
42 verbose parsed url   hostname: null,
42 verbose parsed url   hash: null,
42 verbose parsed url   search: null,
42 verbose parsed url   query: null,
42 verbose parsed url   pathname: '^2.2.14',
42 verbose parsed url   path: '^2.2.14',
42 verbose parsed url   href: '^2.2.14' }
43 verbose addNamed [ 'gulp-util', '^2.2.14' ]
44 verbose addNamed [ null, '>=2.2.14-0 <3.0.0-0' ]
45 verbose cache add [ 'shelljs@^0.3.0', null ]
46 verbose cache add name=undefined spec="shelljs@^0.3.0" args=["shelljs@^0.3.0",null]
47 verbose parsed url { protocol: null,
47 verbose parsed url   slashes: null,
47 verbose parsed url   auth: null,
47 verbose parsed url   host: null,
47 verbose parsed url   port: null,
47 verbose parsed url   hostname: null,
47 verbose parsed url   hash: null,
47 verbose parsed url   search: null,
47 verbose parsed url   query: null,
47 verbose parsed url   pathname: 'shelljs@^0.3.0',
47 verbose parsed url   path: 'shelljs@^0.3.0',
47 verbose parsed url   href: 'shelljs@^0.3.0' }
48 verbose cache add name="shelljs" spec="^0.3.0" args=["shelljs","^0.3.0"]
49 verbose parsed url { protocol: null,
49 verbose parsed url   slashes: null,
49 verbose parsed url   auth: null,
49 verbose parsed url   host: null,
49 verbose parsed url   port: null,
49 verbose parsed url   hostname: null,
49 verbose parsed url   hash: null,
49 verbose parsed url   search: null,
49 verbose parsed url   query: null,
49 verbose parsed url   pathname: '^0.3.0',
49 verbose parsed url   path: '^0.3.0',
49 verbose parsed url   href: '^0.3.0' }
50 verbose addNamed [ 'shelljs', '^0.3.0' ]
51 verbose addNamed [ null, '>=0.3.0-0 <0.4.0-0' ]
52 silly lockFile bade1119-gulp-concat-2-2-0 gulp-concat@^2.2.0
53 verbose lock gulp-concat@^2.2.0 /home/morgan/.npm/bade1119-gulp-concat-2-2-0.lock
54 silly lockFile 31cef36d-gulp-rename-1-2-0 gulp-rename@^1.2.0
55 verbose lock gulp-rename@^1.2.0 /home/morgan/.npm/31cef36d-gulp-rename-1-2-0.lock
56 silly lockFile 97140670-gulp-minify-css-0-3-0 gulp-minify-css@^0.3.0
57 verbose lock gulp-minify-css@^0.3.0 /home/morgan/.npm/97140670-gulp-minify-css-0-3-0.lock
58 silly lockFile 0aa5c27e-bower-1-3-3 bower@^1.3.3
59 verbose lock bower@^1.3.3 /home/morgan/.npm/0aa5c27e-bower-1-3-3.lock
60 silly lockFile e3e5f16b-gulp-util-2-2-14 gulp-util@^2.2.14
61 verbose lock gulp-util@^2.2.14 /home/morgan/.npm/e3e5f16b-gulp-util-2-2-14.lock
62 silly lockFile 1ddaa962-shelljs-0-3-0 shelljs@^0.3.0
63 verbose lock shelljs@^0.3.0 /home/morgan/.npm/1ddaa962-shelljs-0-3-0.lock
64 verbose cache add [ 'gulp@^3.5.6', null ]
65 verbose cache add name=undefined spec="gulp@^3.5.6" args=["gulp@^3.5.6",null]
66 verbose parsed url { protocol: null,
66 verbose parsed url   slashes: null,
66 verbose parsed url   auth: null,
66 verbose parsed url   host: null,
66 verbose parsed url   port: null,
66 verbose parsed url   hostname: null,
66 verbose parsed url   hash: null,
66 verbose parsed url   search: null,
66 verbose parsed url   query: null,
66 verbose parsed url   pathname: 'gulp@^3.5.6',
66 verbose parsed url   path: 'gulp@^3.5.6',
66 verbose parsed url   href: 'gulp@^3.5.6' }
67 verbose cache add name="gulp" spec="^3.5.6" args=["gulp","^3.5.6"]
68 verbose parsed url { protocol: null,
68 verbose parsed url   slashes: null,
68 verbose parsed url   auth: null,
68 verbose parsed url   host: null,
68 verbose parsed url   port: null,
68 verbose parsed url   hostname: null,
68 verbose parsed url   hash: null,
68 verbose parsed url   search: null,
68 verbose parsed url   query: null,
68 verbose parsed url   pathname: '^3.5.6',
68 verbose parsed url   path: '^3.5.6',
68 verbose parsed url   href: '^3.5.6' }
69 verbose addNamed [ 'gulp', '^3.5.6' ]
70 verbose addNamed [ null, '>=3.5.6-0 <4.0.0-0' ]
71 silly lockFile 28ac0b1b-gulp-3-5-6 gulp@^3.5.6
72 verbose lock gulp@^3.5.6 /home/morgan/.npm/28ac0b1b-gulp-3-5-6.lock
73 verbose cache add [ 'gulp-sass@^1.3.3', null ]
74 verbose cache add name=undefined spec="gulp-sass@^1.3.3" args=["gulp-sass@^1.3.3",null]
75 verbose parsed url { protocol: null,
75 verbose parsed url   slashes: null,
75 verbose parsed url   auth: null,
75 verbose parsed url   host: null,
75 verbose parsed url   port: null,
75 verbose parsed url   hostname: null,
75 verbose parsed url   hash: null,
75 verbose parsed url   search: null,
75 verbose parsed url   query: null,
75 verbose parsed url   pathname: 'gulp-sass@^1.3.3',
75 verbose parsed url   path: 'gulp-sass@^1.3.3',
75 verbose parsed url   href: 'gulp-sass@^1.3.3' }
76 verbose cache add name="gulp-sass" spec="^1.3.3" args=["gulp-sass","^1.3.3"]
77 verbose parsed url { protocol: null,
77 verbose parsed url   slashes: null,
77 verbose parsed url   auth: null,
77 verbose parsed url   host: null,
77 verbose parsed url   port: null,
77 verbose parsed url   hostname: null,
77 verbose parsed url   hash: null,
77 verbose parsed url   search: null,
77 verbose parsed url   query: null,
77 verbose parsed url   pathname: '^1.3.3',
77 verbose parsed url   path: '^1.3.3',
77 verbose parsed url   href: '^1.3.3' }
78 verbose addNamed [ 'gulp-sass', '^1.3.3' ]
79 verbose addNamed [ null, '>=1.3.3-0 <2.0.0-0' ]
80 silly lockFile c5cae820-gulp-sass-1-3-3 gulp-sass@^1.3.3
81 verbose lock gulp-sass@^1.3.3 /home/morgan/.npm/c5cae820-gulp-sass-1-3-3.lock
82 silly addNameRange { name: 'gulp-concat',
82 silly addNameRange   range: '>=2.2.0-0 <3.0.0-0',
82 silly addNameRange   hasData: false }
83 silly addNameRange { name: 'gulp-rename',
83 silly addNameRange   range: '>=1.2.0-0 <2.0.0-0',
83 silly addNameRange   hasData: false }
84 silly addNameRange { name: 'gulp-minify-css',
84 silly addNameRange   range: '>=0.3.0-0 <0.4.0-0',
84 silly addNameRange   hasData: false }
85 silly addNameRange { name: 'bower', range: '>=1.3.3-0 <2.0.0-0', hasData: false }
86 silly addNameRange { name: 'gulp-util',
86 silly addNameRange   range: '>=2.2.14-0 <3.0.0-0',
86 silly addNameRange   hasData: false }
87 silly addNameRange { name: 'shelljs', range: '>=0.3.0-0 <0.4.0-0', hasData: false }
88 silly addNameRange { name: 'gulp', range: '>=3.5.6-0 <4.0.0-0', hasData: false }
89 silly addNameRange { name: 'gulp-sass',
89 silly addNameRange   range: '>=1.3.3-0 <2.0.0-0',
89 silly addNameRange   hasData: false }
90 verbose url raw gulp-concat
91 verbose url resolving [ 'https://registry.npmjs.org/', './gulp-concat' ]
92 verbose url resolved https://registry.npmjs.org/gulp-concat
93 info trying registry request attempt 1 at 14:58:17
94 http GET https://registry.npmjs.org/gulp-concat
95 verbose url raw gulp-rename
96 verbose url resolving [ 'https://registry.npmjs.org/', './gulp-rename' ]
97 verbose url resolved https://registry.npmjs.org/gulp-rename
98 info trying registry request attempt 1 at 14:58:17
99 http GET https://registry.npmjs.org/gulp-rename
100 verbose url raw gulp-minify-css
101 verbose url resolving [ 'https://registry.npmjs.org/', './gulp-minify-css' ]
102 verbose url resolved https://registry.npmjs.org/gulp-minify-css
103 info trying registry request attempt 1 at 14:58:17
104 http GET https://registry.npmjs.org/gulp-minify-css
105 verbose url raw bower
106 verbose url resolving [ 'https://registry.npmjs.org/', './bower' ]
107 verbose url resolved https://registry.npmjs.org/bower
108 info trying registry request attempt 1 at 14:58:17
109 http GET https://registry.npmjs.org/bower
110 verbose url raw gulp-util
111 verbose url resolving [ 'https://registry.npmjs.org/', './gulp-util' ]
112 verbose url resolved https://registry.npmjs.org/gulp-util
113 info trying registry request attempt 1 at 14:58:17
114 http GET https://registry.npmjs.org/gulp-util
115 verbose url raw shelljs
116 verbose url resolving [ 'https://registry.npmjs.org/', './shelljs' ]
117 verbose url resolved https://registry.npmjs.org/shelljs
118 info trying registry request attempt 1 at 14:58:17
119 http GET https://registry.npmjs.org/shelljs
120 verbose url raw gulp
121 verbose url resolving [ 'https://registry.npmjs.org/', './gulp' ]
122 verbose url resolved https://registry.npmjs.org/gulp
123 info trying registry request attempt 1 at 14:58:17
124 http GET https://registry.npmjs.org/gulp
125 verbose url raw gulp-sass
126 verbose url resolving [ 'https://registry.npmjs.org/', './gulp-sass' ]
127 verbose url resolved https://registry.npmjs.org/gulp-sass
128 info trying registry request attempt 1 at 14:58:17
129 http GET https://registry.npmjs.org/gulp-sass
130 http 200 https://registry.npmjs.org/gulp-rename
131 silly registry.get cb [ 200,
131 silly registry.get   { server: 'CouchDB/1.5.0 (Erlang OTP/R16B03)',
131 silly registry.get     etag: '"BGXC14Y0KA1RIFO5V6I8A1I2Q"',
131 silly registry.get     'content-type': 'application/json',
131 silly registry.get     'cache-control': 'max-age=60',
131 silly registry.get     'content-length': '12293',
131 silly registry.get     'accept-ranges': 'bytes',
131 silly registry.get     date: 'Thu, 25 Jun 2015 13:58:17 GMT',
131 silly registry.get     via: '1.1 varnish',
131 silly registry.get     age: '12',
131 silly registry.get     connection: 'keep-alive',
131 silly registry.get     'x-served-by': 'cache-ams4136-AMS',
131 silly registry.get     'x-cache': 'HIT',
131 silly registry.get     'x-cache-hits': '1',
131 silly registry.get     'x-timer': 'S1435240697.945569,VS0,VE0',
131 silly registry.get     vary: 'Accept' } ]
132 silly addNameRange number 2 { name: 'gulp-rename',
132 silly addNameRange   range: '>=1.2.0-0 <2.0.0-0',
132 silly addNameRange   hasData: true }
133 silly addNameRange versions [ 'gulp-rename',
133 silly addNameRange   [ '0.1.0', '0.2.1', '0.2.2', '1.0.0', '1.1.0', '1.2.0', '1.2.2' ] ]
134 verbose addNamed [ 'gulp-rename', '1.2.2' ]
135 verbose addNamed [ '1.2.2', '1.2.2' ]
136 silly lockFile 36a270fc-gulp-rename-1-2-2 gulp-rename@1.2.2
137 verbose lock gulp-rename@1.2.2 /home/morgan/.npm/36a270fc-gulp-rename-1-2-2.lock
138 silly lockFile 12c1b996-ulp-rename-gulp-rename-1-2-2-tgz https://registry.npmjs.org/gulp-rename/-/gulp-rename-1.2.2.tgz
139 verbose lock https://registry.npmjs.org/gulp-rename/-/gulp-rename-1.2.2.tgz /home/morgan/.npm/12c1b996-ulp-rename-gulp-rename-1-2-2-tgz.lock
140 verbose addRemoteTarball [ 'https://registry.npmjs.org/gulp-rename/-/gulp-rename-1.2.2.tgz',
140 verbose addRemoteTarball   '3ad4428763f05e2764dec1c67d868db275687817' ]
141 silly lockFile 12c1b996-ulp-rename-gulp-rename-1-2-2-tgz https://registry.npmjs.org/gulp-rename/-/gulp-rename-1.2.2.tgz
142 silly lockFile 12c1b996-ulp-rename-gulp-rename-1-2-2-tgz https://registry.npmjs.org/gulp-rename/-/gulp-rename-1.2.2.tgz
143 silly lockFile 36a270fc-gulp-rename-1-2-2 gulp-rename@1.2.2
144 silly lockFile 36a270fc-gulp-rename-1-2-2 gulp-rename@1.2.2
145 silly lockFile 31cef36d-gulp-rename-1-2-0 gulp-rename@^1.2.0
146 silly lockFile 31cef36d-gulp-rename-1-2-0 gulp-rename@^1.2.0
147 error Error: EACCES, mkdir '/home/morgan/tmp/npm-11277-tXvajw4n'
147 error  { [Error: EACCES, mkdir '/home/morgan/tmp/npm-11277-tXvajw4n']
147 error   errno: 3,
147 error   code: 'EACCES',
147 error   path: '/home/morgan/tmp/npm-11277-tXvajw4n' }
148 error Please try running this command again as root/Administrator.
149 error System Linux 3.13.0-37-generic
150 error command "/usr/bin/nodejs" "/usr/bin/npm" "install"
151 error cwd /home/morgan/NetBeansProjects/CordovaApplication
152 error node -v v0.10.25
153 error npm -v 1.3.10
154 error path /home/morgan/tmp/npm-11277-tXvajw4n
155 error code EACCES
156 error errno 3
157 error stack Error: EACCES, mkdir '/home/morgan/tmp/npm-11277-tXvajw4n'
158 verbose exit [ 3, true ]
